<?xml version="1.0" encoding="UTF-8"?>
<testsuite name="com.albert.dao.DaoTest" time="0.052" tests="1" errors="0" skipped="0" failures="1">
  <properties>
[...]
</properties>
  <testcase name="test" classname="com.albert.dao.DaoTest" time="0.052">
    <failure message="expected same:&lt;2&gt; was not:&lt;2&gt;" type="java.lang.AssertionError"><![CDATA[java.lang.AssertionError: expected same:<2> was not:<2>
	at org.junit.Assert.fail(Assert.java:88)
	at org.junit.Assert.failNotSame(Assert.java:828)
	at org.junit.Assert.assertSame(Assert.java:771)
	at org.junit.Assert.assertSame(Assert.java:782)
	at com.albert.dao.DaoTest.test(DaoTest.java:15)
]]></failure>
    <system-out><![CDATA[15:55:35.740 [main] DEBUG org.springframework.test.context.junit4.SpringJUnit4ClassRunner - SpringJUnit4ClassRunner constructor called with [class com.albert.dao.DaoTest]
15:55:35.740 [main] DEBUG org.springframework.test.context.BootstrapUtils - Instantiating CacheAwareContextLoaderDelegate from class [org.springframework.test.context.cache.DefaultCacheAwareContextLoaderDelegate]
15:55:35.740 [main] DEBUG org.springframework.test.context.BootstrapUtils - Instantiating BootstrapContext using constructor [public org.springframework.test.context.support.DefaultBootstrapContext(java.lang.Class,org.springframework.test.context.CacheAwareContextLoaderDelegate)]
15:55:35.741 [main] DEBUG org.springframework.test.context.BootstrapUtils - Instantiating TestContextBootstrapper for test class [com.albert.dao.DaoTest] from class [org.springframework.boot.test.context.SpringBootTestContextBootstrapper]
15:55:35.742 [main] INFO org.springframework.boot.test.context.SpringBootTestContextBootstrapper - Neither @ContextConfiguration nor @ContextHierarchy found for test class [com.albert.dao.DaoTest], using SpringBootContextLoader
15:55:35.742 [main] DEBUG org.springframework.test.context.support.AbstractContextLoader - Did not detect default resource location for test class [com.albert.dao.DaoTest]: class path resource [com/albert/dao/DaoTest-context.xml] does not exist
15:55:35.743 [main] DEBUG org.springframework.test.context.support.AbstractContextLoader - Did not detect default resource location for test class [com.albert.dao.DaoTest]: class path resource [com/albert/dao/DaoTestContext.groovy] does not exist
15:55:35.743 [main] INFO org.springframework.test.context.support.AbstractContextLoader - Could not detect default resource locations for test class [com.albert.dao.DaoTest]: no resource found for suffixes {-context.xml, Context.groovy}.
15:55:35.750 [main] DEBUG org.springframework.test.context.support.ActiveProfilesUtils - Could not find an 'annotation declaring class' for annotation type [org.springframework.test.context.ActiveProfiles] and class [com.albert.dao.DaoTest]
15:55:35.753 [main] DEBUG org.springframework.boot.test.context.SpringBootTestContextBootstrapper - @TestExecutionListeners is not present for class [com.albert.dao.DaoTest]: using defaults.
15:55:35.756 [main] INFO org.springframework.boot.test.context.SpringBootTestContextBootstrapper - Loaded default TestExecutionListener class names from location [META-INF/spring.factories]: [org.springframework.boot.test.mock.mockito.MockitoTestExecutionListener, org.springframework.boot.test.mock.mockito.ResetMocksTestExecutionListener, org.springframework.boot.test.autoconfigure.restdocs.RestDocsTestExecutionListener, org.springframework.boot.test.autoconfigure.web.client.MockRestServiceServerResetTestExecutionListener, org.springframework.boot.test.autoconfigure.web.servlet.MockMvcPrintOnlyOnFailureTestExecutionListener, org.springframework.boot.test.autoconfigure.web.servlet.WebDriverTestExecutionListener, org.springframework.test.context.web.ServletTestExecutionListener, org.springframework.test.context.support.DirtiesContextBeforeModesTestExecutionListener, org.springframework.test.context.support.DependencyInjectionTestExecutionListener, org.springframework.test.context.support.DirtiesContextTestExecutionListener, org.springframework.test.context.transaction.TransactionalTestExecutionListener, org.springframework.test.context.jdbc.SqlScriptsTestExecutionListener]
15:55:35.759 [main] INFO org.springframework.boot.test.context.SpringBootTestContextBootstrapper - Using TestExecutionListeners: [org.springframework.test.context.web.ServletTestExecutionListener@9786986, org.springframework.test.context.support.DirtiesContextBeforeModesTestExecutionListener@4057e145, org.springframework.boot.test.autoconfigure.SpringBootDependencyInjectionTestExecutionListener@49869a03, org.springframework.test.context.support.DirtiesContextTestExecutionListener@23e960ab, org.springframework.test.context.transaction.TransactionalTestExecutionListener@2ec98cf8, org.springframework.test.context.jdbc.SqlScriptsTestExecutionListener@324605c7, org.springframework.boot.test.mock.mockito.ResetMocksTestExecutionListener@1325659a, org.springframework.boot.test.autoconfigure.web.client.MockRestServiceServerResetTestExecutionListener@7c316b47, org.springframework.boot.test.mock.mockito.MockitoTestExecutionListener@107a4204, org.springframework.boot.test.autoconfigure.web.servlet.WebDriverTestExecutionListener@4a841d0f, org.springframework.boot.test.autoconfigure.restdocs.RestDocsTestExecutionListener@278fea01, org.springframework.boot.test.autoconfigure.web.servlet.MockMvcPrintOnlyOnFailureTestExecutionListener@594bfbf1]
15:55:35.759 [main] DEBUG org.springframework.test.annotation.ProfileValueUtils - Retrieved @ProfileValueSourceConfiguration [null] for test class [com.albert.dao.DaoTest]
15:55:35.759 [main] DEBUG org.springframework.test.annotation.ProfileValueUtils - Retrieved ProfileValueSource type [class org.springframework.test.annotation.SystemProfileValueSource] for class [com.albert.dao.DaoTest]
15:55:35.760 [main] DEBUG org.springframework.test.annotation.ProfileValueUtils - Retrieved @ProfileValueSourceConfiguration [null] for test class [com.albert.dao.DaoTest]
15:55:35.760 [main] DEBUG org.springframework.test.annotation.ProfileValueUtils - Retrieved ProfileValueSource type [class org.springframework.test.annotation.SystemProfileValueSource] for class [com.albert.dao.DaoTest]
15:55:35.764 [main] DEBUG org.springframework.test.context.support.AbstractDirtiesContextTestExecutionListener - Before test class: context [DefaultTestContext@346b8cd1 testClass = DaoTest, testInstance = [null], testMethod = [null], testException = [null], mergedContextConfiguration = [WebMergedContextConfiguration@ea083a testClass = DaoTest, locations = '{}', classes = '{class com.albert.App, class com.albert.App}', contextInitializerClasses = '[]', activeProfiles = '{}', propertySourceLocations = '{}', propertySourceProperties = '{org.springframework.boot.test.context.SpringBootTestContextBootstrapper=true}', contextCustomizers = set[org.springframework.boot.test.context.SpringBootTestContextCustomizer@2e71207, org.springframework.boot.test.context.filter.ExcludeFilterContextCustomizer@233d0d04, org.springframework.boot.test.mock.mockito.MockitoContextCustomizer@0, org.springframework.boot.test.autoconfigure.properties.PropertyMappingContextCustomizer@0, org.springframework.boot.test.autoconfigure.web.servlet.WebDriverContextCustomizerFactory$Customizer@440149a7], resourceBasePath = 'src/main/webapp', contextLoader = 'org.springframework.boot.test.context.SpringBootContextLoader', parent = [null]]], class annotated with @DirtiesContext [false] with mode [null].
15:55:35.765 [main] DEBUG org.springframework.test.annotation.ProfileValueUtils - Retrieved @ProfileValueSourceConfiguration [null] for test class [com.albert.dao.DaoTest]
15:55:35.765 [main] DEBUG org.springframework.test.annotation.ProfileValueUtils - Retrieved ProfileValueSource type [class org.springframework.test.annotation.SystemProfileValueSource] for class [com.albert.dao.DaoTest]
15:55:35.827 [main] DEBUG org.springframework.core.env.StandardEnvironment - Adding [systemProperties] PropertySource with lowest search precedence
15:55:35.828 [main] DEBUG org.springframework.core.env.StandardEnvironment - Adding [systemEnvironment] PropertySource with lowest search precedence
15:55:35.828 [main] DEBUG org.springframework.core.env.StandardEnvironment - Initialized StandardEnvironment with PropertySources [systemProperties,systemEnvironment]
15:55:35.830 [main] DEBUG org.springframework.core.env.MutablePropertySources - Adding [inline] PropertySource with highest search precedence
15:55:35.834 [main] DEBUG org.springframework.test.context.support.TestPropertySourceUtils - Adding inlined properties to environment: {spring.jmx.enabled=false, org.springframework.boot.test.context.SpringBootTestContextBootstrapper=true, server.port=-1}
15:55:35.834 [main] DEBUG org.springframework.core.env.StandardEnvironment - Adding [Inlined Test Properties] PropertySource with highest search precedence

  .   ____          _            __ _ _
 /\\ / ___'_ __ _ _(_)_ __  __ _ \ \ \ \
( ( )\___ | '_ | '_| | '_ \/ _` | \ \ \ \
 \\/  ___)| |_)| | | | | || (_| |  ) ) ) )
  '  |____| .__|_| |_|_| |_\__, | / / / /
 =========|_|==============|___/=/_/_/_/
 :: Spring Boot ::        (v1.5.2.RELEASE)

2017-04-04 15:55:36.078  INFO 300 --- [           main] com.albert.dao.DaoTest                   : Starting DaoTest on PCOS-1607181806 with PID 300 (started by Administrator in E:\workspace\DayBook)
2017-04-04 15:55:36.079  INFO 300 --- [           main] com.albert.dao.DaoTest                   : No active profile set, falling back to default profiles: default
2017-04-04 15:55:36.113  INFO 300 --- [           main] o.s.w.c.s.GenericWebApplicationContext   : Refreshing org.springframework.web.context.support.GenericWebApplicationContext@50473913: startup date [Tue Apr 04 15:55:36 CST 2017]; root of context hierarchy
2017-04-04 15:55:37.221  INFO 300 --- [           main] trationDelegate$BeanPostProcessorChecker : Bean 'org.springframework.transaction.annotation.ProxyTransactionManagementConfiguration' of type [org.springframework.transaction.annotation.ProxyTransactionManagementConfiguration$$EnhancerBySpringCGLIB$$17fb4a8f] is not eligible for getting processed by all BeanPostProcessors (for example: not eligible for auto-proxying)
2017-04-04 15:55:37.745  INFO 300 --- [           main] j.LocalContainerEntityManagerFactoryBean : Building JPA container EntityManagerFactory for persistence unit 'default'
2017-04-04 15:55:37.760  INFO 300 --- [           main] o.hibernate.jpa.internal.util.LogHelper  : HHH000204: Processing PersistenceUnitInfo [
	name: default
	...]
2017-04-04 15:55:37.828  INFO 300 --- [           main] org.hibernate.Version                    : HHH000412: Hibernate Core {5.0.12.Final}
2017-04-04 15:55:37.829  INFO 300 --- [           main] org.hibernate.cfg.Environment            : HHH000206: hibernate.properties not found
2017-04-04 15:55:37.830  INFO 300 --- [           main] org.hibernate.cfg.Environment            : HHH000021: Bytecode provider name : javassist
2017-04-04 15:55:37.869  INFO 300 --- [           main] o.hibernate.annotations.common.Version   : HCANN000001: Hibernate Commons Annotations {5.0.1.Final}
2017-04-04 15:55:37.983  INFO 300 --- [           main] org.hibernate.dialect.Dialect            : HHH000400: Using dialect: com.albert.utils.SQLiteDialect
2017-04-04 15:55:38.009  INFO 300 --- [           main] o.h.e.j.e.i.LobCreatorBuilderImpl        : HHH000423: Disabling contextual LOB creation as JDBC driver reported JDBC version [2] less than 4
2017-04-04 15:55:38.431  INFO 300 --- [           main] j.LocalContainerEntityManagerFactoryBean : Initialized JPA EntityManagerFactory for persistence unit 'default'
2017-04-04 15:55:39.108  INFO 300 --- [           main] o.h.h.i.QueryTranslatorFactoryInitiator  : HHH000397: Using ASTQueryTranslatorFactory
2017-04-04 15:55:39.238  INFO 300 --- [           main] s.w.s.m.m.a.RequestMappingHandlerAdapter : Looking for @ControllerAdvice: org.springframework.web.context.support.GenericWebApplicationContext@50473913: startup date [Tue Apr 04 15:55:36 CST 2017]; root of context hierarchy
2017-04-04 15:55:39.316  INFO 300 --- [           main] s.w.s.m.m.a.RequestMappingHandlerMapping : Mapped "{[/book/{bookId}],methods=[GET]}" onto public com.albert.domain.table.Book com.albert.controller.BookController.book(java.lang.Long)
2017-04-04 15:55:39.317  INFO 300 --- [           main] s.w.s.m.m.a.RequestMappingHandlerMapping : Mapped "{[/ || /index]}" onto public java.lang.String com.albert.controller.CommonController.index(javax.servlet.http.HttpServletRequest)
2017-04-04 15:55:39.320  INFO 300 --- [           main] s.w.s.m.m.a.RequestMappingHandlerMapping : Mapped "{[/error]}" onto public org.springframework.http.ResponseEntity<java.util.Map<java.lang.String, java.lang.Object>> org.springframework.boot.autoconfigure.web.BasicErrorController.error(javax.servlet.http.HttpServletRequest)
2017-04-04 15:55:39.321  INFO 300 --- [           main] s.w.s.m.m.a.RequestMappingHandlerMapping : Mapped "{[/error],produces=[text/html]}" onto public org.springframework.web.servlet.ModelAndView org.springframework.boot.autoconfigure.web.BasicErrorController.errorHtml(javax.servlet.http.HttpServletRequest,javax.servlet.http.HttpServletResponse)
2017-04-04 15:55:39.364  INFO 300 --- [           main] o.s.w.s.handler.SimpleUrlHandlerMapping  : Mapped URL path [/webjars/**] onto handler of type [class org.springframework.web.servlet.resource.ResourceHttpRequestHandler]
2017-04-04 15:55:39.364  INFO 300 --- [           main] o.s.w.s.handler.SimpleUrlHandlerMapping  : Mapped URL path [/**] onto handler of type [class org.springframework.web.servlet.resource.ResourceHttpRequestHandler]
2017-04-04 15:55:39.408  INFO 300 --- [           main] o.s.w.s.handler.SimpleUrlHandlerMapping  : Mapped URL path [/**/favicon.ico] onto handler of type [class org.springframework.web.servlet.resource.ResourceHttpRequestHandler]
2017-04-04 15:55:39.799  INFO 300 --- [           main] com.albert.dao.DaoTest                   : Started DaoTest in 3.957 seconds (JVM running for 4.469)
]]></system-out>
  </testcase>
</testsuite>